0 info it worked if it ends with ok
1 verbose cli [ '/Users/michaelobriena/.nvm/versions/io.js/v2.3.4/bin/iojs',
1 verbose cli   '/Users/michaelobriena/.nvm/versions/io.js/v2.3.4/bin/npm',
1 verbose cli   'run',
1 verbose cli   'dev' ]
2 info using npm@2.12.1
3 info using node@v2.3.4
4 verbose run-script [ 'predev', 'dev', 'postdev' ]
5 info predev mikeobrien@1.0.0
6 info dev mikeobrien@1.0.0
7 verbose unsafe-perm in lifecycle true
8 info mikeobrien@1.0.0 Failed to exec dev script
9 verbose stack Error: mikeobrien@1.0.0 dev: `npm run watch & serve public/ -p 1618`
9 verbose stack spawn ENOENT
9 verbose stack     at ChildProcess.<anonymous> (/Users/michaelobriena/.nvm/versions/io.js/v2.3.4/lib/node_modules/npm/lib/utils/spawn.js:17:16)
9 verbose stack     at emitTwo (events.js:87:13)
9 verbose stack     at ChildProcess.emit (events.js:172:7)
9 verbose stack     at maybeClose (internal/child_process.js:764:16)
9 verbose stack     at Process.ChildProcess._handle.onexit (internal/child_process.js:211:5)
10 verbose pkgid mikeobrien@1.0.0
11 verbose cwd /Users/michaelobriena/Me
12 error Darwin 14.4.0
13 error argv "/Users/michaelobriena/.nvm/versions/io.js/v2.3.4/bin/iojs" "/Users/michaelobriena/.nvm/versions/io.js/v2.3.4/bin/npm" "run" "dev"
14 error node v2.3.4
15 error npm  v2.12.1
16 error file sh
17 error code ELIFECYCLE
18 error errno ENOENT
19 error syscall spawn
20 error mikeobrien@1.0.0 dev: `npm run watch & serve public/ -p 1618`
20 error spawn ENOENT
21 error Failed at the mikeobrien@1.0.0 dev script 'npm run watch & serve public/ -p 1618'.
21 error This is most likely a problem with the mikeobrien package,
21 error not with npm itself.
21 error Tell the author that this fails on your system:
21 error     npm run watch & serve public/ -p 1618
21 error You can get their info via:
21 error     npm owner ls mikeobrien
21 error There is likely additional logging output above.
22 verbose exit [ 1, true ]
